500
0 9125 5974 664 3292 1053 9021 309 6606 2897 4845 6615 6938
1 9507 3937 2015 7482 7032 6274 8603 7041 1663 9323 9655 1060 3184 4035 9075
2 4090 5574 3418 9485 6371 4008 699 8192 6861 719 6712 2437 3521 2962
3 5048 3554 1467 5159 8780 4100 6469 553 871 2681 7659 2192 3923 2039 7099 7688 6178 7179 2615 1299 6613
4 8460 1962 8717 3001 5950 5122 1668 3394 3005 1339 8209 9543 4776 1498 8176 8151 2390 7185 1319 5962 896 199 5038 7899 4314 9903 2555
5 5067 3838 8597 2911 7006 7315 2345 2248 5532 5309 8277 5300 5748 5458 3316
6 8637 9364 1834 4388 6529 9126 3886 8463 6412 8616 7285 4340 7762 3936 5715
7 5516 4306 3846 4755 7330 6960 9924 2041 5472 4054 202 321
8 5458 5102 1590 1967 1954 8383 1038 3135 8194 3144 9075 321 79
9 2129 8999 336 4121 6449 1743 1830 8746 7537 9833 1071 4870 6306 8994
10 1963 2973 7611 1316 2778 2603 6746 8518 4814 4974 2147 5161 8491 7949
11 9275 5624 8865 120 8237 8648 2780 1332 9619 285 1167 9533
12 9618 5362 1724 5147 1024 4397 5132 1767 5890 4794 2736 1736 2288 2962
13 8040 4087 4850 8473 9438 8703 6818 4611 9153 9181 3012 2986 9244
14 9358 3833 3150 1592 7164 2320 5282 1518 3284 9666 208 3543 7120
15 563 3841 6891 5521 6766 4132 7194 5968 8338 8088 985 8836 4027 3753 8812 8994 7949
16 8464 2745 3208 9805 3966 4028 5678 5840 2593 9387 3741 4013 5029 2704 7992 79
17 8141 5075 9788 1525 2059 1757 6197 3046 6231 8624 4002 8092 3103
18 5939 2067 8455 8569 1151 5980 1966 3143 8757 8162 5838 9398 367 116 7699
19 4594 8355 1502 6441 6190 3453 4187 7740 3076 8918 5630 4584 1560 7296 2555 935
20 8042 6451 7030 6362 4862 4440 1905 965 9297 6015 7083 3782 2136 2288
21 2092 9572 1019 5047 9115 1233 8715 6865 353 3266 84
22 9194 3549 5396 8127 7794 8660 7512 2813 4933 8574 6921 8982 4345 3783 1299
23 1711 7261 9932 4054 6337 1102 2931 2391 3625 3537 3524 9717 5553 8005 2 2240
24 5427 3419 961 3340 4176 4818 6992 992 6551 1039 6945 6482 5014 1328 9979 7949
25 8543 6231 7137 2845 3385 7754 9303 7322 4567 3169 5090 5156 8644 4340 9244
26 5117 97 4376 5705 426 9025 2245 140 8592 8634 804 2962
27 8274 246 1111 8846 8502 3860 8757 578 6710 9013 447 3877
28 8605 3152 9133 5708 3388 6675 3721 718 1777 3854 9615 7073 4449 3104 2589 5848
29 7540 6881 268 8057 1531 5022 2969 9827 79 5546 4785 7631 2234 6082
30 853 57 7787 4708 1403 4489 1520 547 9065 4957 5902 5962 2
31 3410 3451 6826 9566 6742 9066 921 4315 4751 7026 5413 6101
32 1629 7062 9611 170 36 4991 1250 8079 7962 1538 238
33 9924 2047 2865 9094 6612 7263 7344 8030 2970 971 123 4908 8132 399 7883
34 5611 3315 303 1316 9643 3019 5834 8825 8146 3316 3982
35 6443 8552 1200 7276 4465 6442 2835 9758 9704 5904 2113 7088 6692 3982
36 8977 8972 1019 4809 1010 186 4630 2817 3620 3899 4901 3074
37 7269 6116 4202 8821 3631 4547 3805 2049 9818 1873 7975 6244 8893 6938
38 706 1146 9700 4018 4837 8208 8507 1407 600 6001 1546 1710 7949
39 2879 9132 4140 2671 3015 9785 4462 9072 6502 7498 3946 1036 2240 7791 6270 9007
40 2996 8091 5022 4993 3493 4537 7362 4091 3402 2192 3858 7618 8710 6437 9370 6898 108 7240 979
41 115 7907 501 6352 4968 7581 7730 1152 1034 3665 8852 4343 2121 412
42 4563 98 5308 8914 4676 5390 6033 6800 2165 916 4362 7949 3012
43 1201 9923 6412 5519 8349 9862 4553 6829 3301 7552 7072 9848 7709 6258 1105 979
44 3329 3561 494 6351 5145 4937 6188 879 100 5534 362 4887 4269 7121 7170 2085 6082 76 8269 3728
45 5291 306 4541 9859 4104 6025 691 2235 7680 9638 6052 7586 8450 5340 2
46 3747 8532 2463 2153 7951 685 2490 5988 3743 4715 1917 3341 7474 4341 1042 7762
47 5335 7582 3624 7313 7792 611 9792 3150 2242 5239 1476
48 2512 833 2054 3227 4051 9340 1093 8610 2701 3657 1696 8259 3044 9129 8994
49 720 4546 571 9063 9317 7389 8689 2621 28 7142 2335 9311 6020 7143 7790 1560 9741 7899 9299 2240 9968
50 2575 5169 6077 3597 1069 6347 542 4782 2525 1964 6551 2475 4639 4199 935
51 2033 372 329 8004 4230 2243 2722 643 4380 9023 2744 2991 259 4134 6101 7333 541 4314
52 2394 8970 6155 549 7074 1716 9035 9225 707
53 4290 7028 8367 1567 5256 4496 7015 2061 7048 7055 6296 3877 6613
54 5589 8738 3000 7453 8983 3202 7837 947 4633 6627 5921 2533
55 4684 6311 5592 915 2672 2217 1416 6918 3523 9468 4045 2288
56 5425 1525 7593 2731 4867 9250 1943 7161 8548 6608
57 2509 8459 4644 209 9725 917 3626 1127 1465 6699 660 2288 9007
58 2105 4197 4798 8635 6614 3156 1666 5144 1219 4538 5857 5553 5555 4027 8812 2240
59 121 4487 4758 7968 219 5729 5044 7414 6894 5109 7513 9007 9107 1299 7699
60 2376 7397 9030 5371 8549 7779 5405 5535 8215 8987 9114 8134
61 9840 3350 6764 2941 6579 6426 3526 1508 6095 2128 3673 8142 5775 1429
62 759 6593 6242 9803 6046 7286 1665 560 8128 8144 9517 5212 9478 3997 5339 7413 5412 2240
63 4728 8828 8789 3123 8298 5538 472 8434 3579 5257 4025 4074 5341 5677
64 11 201 4419 2467 342 9728 970 4396 3129 1140 8069 7219 321
65 1239 2213 5557 9931 9127 4579 5308 3691 8520 8146 9313 8522 606 2615
66 3736 5631 2747 9122 3188 8772 8949 5560 1322 324 3897 3222 6949 183 5437
67 544 5114 5170 4947 8158 1474 8335 1680 7090 5748 7669 1125
68 6886 1766 6548 5041 1802 1630 5601 4271 4786
69 6547 9592 417 2614 6282 3153 2280 4648 1792 9779 9292 5798 5099 1763 5962
70 7947 4304 3710 5807 8035 6184 624 1109 3017 7077 2537
71 5899 8480 7234 1577 5228 6695 8652 435 8045 6552 8775 3027 1408 2293 3313 1668 7438
72 7574 6103 5794 619 7768 6698 7800 1497 7885 4429 8263 3320 7123 2784 6030 3103 8293
73 8717 8222 1116 3516 1693 5718 1521 486 4129 1923 7733 6021 6547 5064 8491
74 8143 173 6247 6364 6363 3890 6816 4581 2176 5248 5326 2288
75 958 2044 6491 987 9052 1616 8969 865 7196 212 5276 6067 4664 8125
76 403 7702 9492 5573 1837 1691 5224 5071 2239 3392 2735 7133 7806 5507
77 7283 1399 6963 6642 3999 166 2044 2048 990 8105 2858 6327
78 2638 8453 6299 6656 728 5301 4500 6452 5907 9192 9569 5045 3051 5111 4855 4168
79 3896 4569 4982 8720 2284 3078 167 5912 5362 5553 6937 8881 2630
80 955 1712 3156 9244 3370 3376 6646 1345 8897 4490 5676 9414 4192 9640 9476 3533 5451 9444 8644
81 117 6411 7531 4893 6848 5847 5716 4681 7076 4004 5848 925
82 1276 9391 109 8643 7495 16 5178 9529 5537 4779 9426 6492 4341
83 3413 5637 281 5615 2258 5426 9225 6761 4730 2382 2643 3144 7153
84 7597 3171 7131 8278 2693 3637 3399 3471 3362 3590 2464 8958 1838 9461 5962 3074
85 1677 4572 7687 1700 3813 2991 4109 4185 3213 776 935
86 5539 9152 7351 7262 3274 4735 6201 5868 2461 9438 7060 8599 8043 116 1401 1429 2240
87 2622 2215 8006 6494 6319 4923 6044 3720 8798 6937 6240 8029 4575 3285 8841 3243
88 524 8353 4505 1683 428 5556 4959 5044 7087 8021 4846 906 2486 5862 496 2240 5412 3074
89 1603 6846 9031 172 3053 9009 3341 4694 3604 6883 6765 3032 8994
90 4842 8936 4161 756 8236 8608 7843 3565 6954 7781 8428 6085 1043 135 6014 8830
91 2819 3041 5016 6468 1055 6720 7038 7237 8810 4168 7206
92 2779 5211 8160 7321 500 7516 8446 1048 9915 5960 5288 4180 6635 2240 8134
93 9417 7424 5900 5128 4511 1637 9916 8434 7634 569 5715
94 4589 9628 8790 9737 2423 2018 8373 2487 7577 6035 9582 774 5433 9349 6611 5437
95 5727 4026 7668 1453 3793 4755 9957 3527 1720 4718 8188 4108 8387 79
96 2723 1896 48 9246 1513 7799 2788 8996 2570 56 3982
97 2939 7775 1698 4445 9295 9782 815 4644 7451 6084 9270 5030 7698 2771 2128 8387
98 8305 4463 9330 4477 9774 4754 150 5666 6006 6010 7456 7732 2240
99 2497 6054 9676 9235 1940 5391 2468 8164 966 2777 3807 4209 7744 9139 2155
100 6657 6914 2441 1131 3738 9538 3547 3705 2145 3845 813 7243 9545 5880
101 7447 120 270 5766 3447 5517 8989 5442 7684 8281 1801 7955 2902 3784 1238 7762
102 5761 5978 3325 6605 7916 4759 5252 2861 7694 6986
103 7789 8771 1507 3846 1810 2605 2148 60 8082 8581 527 3023
104 6543 2915 3514 2857 760 232 4407 9898 8668 7054 2282 3260 8249 633 4691 8994
105 5280 760 5884 9040 7228 8170 3330 7116 4126 2696 8770 6608 2628 1865 3648 4493 3842 8797 7285 7429 1145 7713 6613 6938
106 7111 7649 7703 4593 206 827 4279 9201 1871 2662 5715 2555
107 2557 4638 6919 1729 6580 9820 9513 5 2814 1555 4765 1774
108 5407 1327 4542 30 3353 7721 8753 3084 9876 9856 9977 9271 6875 7252 6534 8212 6049 321
109 8954 6636 3902 8864 4015 2912 1060 1593 3127 2081 25 2480 5715 9007
110 1686 7355 9111 5754 580 8655 1759 7241 1049 9584 7560 6193 257 2345 3144 9224
111 3790 995 8911 9189 433 5353 2231 9109 2965 2830 8300 1429 9244
112 132 6560 5749 9316 5220 3217 7213 7013 9534 8045 6619 6377 3052 2121 1534 79 321
113 8080 9722 5339 1477 6192 1439 9675 4875 4928 4720 2294 7240 8751 3949 1501 955 9219 1668 79
114 8234 6324 7833 5494 653 8560 860 819 1377 3975 7686 893 2278 7454 4433 8501 2212 7782 2898 2 2288
115 6367 6287 2330 8762 7487 1444 1412 6489 3534 7814 7759 9374 3584
116 964 9335 6200 8527 4834 9414 2366 1910 1494 7113 5078 7912 7068 7361 1134 6613
117 1982 8481 1027 7498 8645 1064 2202 2070 2476 9654 4561 1402 4752 7001 9842
118 5227 8853 2238 4038 8674 8952 5588 146 5212 3877
119 8479 4048 9082 1604 7713 7749 4452 8547 9315 7845 8756 6750 5341 148 7517 7153 3894
120 7380 9508 5642 1156 7543 1364 276 5792 1961 9466 2771 9688 5775 4985 7699
121 4868 1023 6813 173 4810 2594 2181 6603 9688 7949 5715
122 1773 472 9578 1349 8154 213 3411 5633 9031 3041 7439 1252 7751
123 6865 4480 7246 5404 3167 4966 5196 1946 3099 5244 9615 8470 3982
124 1271 6457 7170 2598 4444 1301 6750 2875 8113 4112 7628 5932 5852 6331 352 5762 6584 8387
125 304 6879 5508 5867 8749 5154 5933 9254 740 4298 7233 1058 3103 7699
126 4888 7358 9695 605 5755 7127 8090 4996 6686 4880 5902 656 9216 6327 8439 9178 2643
127 4247 4007 5744 4961 2727 6831 2785 2342 4580 5157 9273 8267 4170 1668 5097 9244
128 8444 7591 3666 2713 9941 2703 3257 8402 4731 960 7883
129 7490 344 27 7719 8449 9459 2700 3438 4602 753 7413 2 6613
130 8389 8016 8626 5515 9415 4866 3149 8786 2895 9751 425 5254 523 7240 4326 7153
131 3510 5804 6601 5155 3336 7480 5831 7 5126 4260 8887 8903 6382 8362 5654 1299 8055 8423 5531 5063 1121
132 2023 4272 4238 5298 5169 1480 1969 5789 2634 4049 164 3053 4199
133 7487 7463 926 6009 9605 4432 5398 7299 5704 7677 7482 7496 3050 2413 2327
134 3214 3323 7174 9972 4650 1441 2443 4530 4293 7260 5019 3513
135 9169 1359 389 786 7880 5468 8476 5603 6229 6771 9906 6623 1948 4300 7922 6815 2480 6938
136 9890 2420 6732 911 3624 9209 9455 1569 9487 9301 4679 2704 6547
137 5456 9857 2706 4039 338 2308 3027 7569 3855 4971 1694 5326 1670 4909 6613
138 9954 6863 4749 1773 9280 4933 7144 8982 3338 1749 1153 5855 7278 7431 6149 3567 4107 148 9197 8193 8644
139 1497 4149 7693 5873 3635 8285 4837 7972 9339 3621 457 1524 7120
140 7218 3436 8911 2187 4229 2532 2043 4124 245 7933 3675 8910
141 8744 3018 1625 3709 5353 6680 8984 959 7025 7115 8195 5553 6141 2
142 9826 5454 6829 9161 6776 7789 7033 7174 871 5208 2465 9050 9938 2962 7883
143 9322 1908 7983 7290 1848 7451 7850 2404 4181 737 9056 6355 6495 8922
144 922 6602 4700 1955 1568 7829 8074 149 3591 8677 3468 9852
145 5691 8801 5210 7708 565 9920 5986 9278 8927 6739 3232
146 9403 9636 4366 4122 3730 5439 1281 8172 1007 7162 569 2983 2288 321
147 5588 8041 9302 5897 9942 128 3349 1147 6031 1685 771 1658 313 1528 4176
148 3683 1276 7181 6516 2531 3712 2096 3023 2718 2030 3662 4975 4804 4971 4970 6324 745 6584 7153 6827
149 3133 9385 8224 7743 9422 7105 7828 6270 1432 766 4954 2439 13 951 1984 9075 2986
150 4443 3685 7322 9401 9902 4408 6266 7043 3004 9990 3758 1668
151 9475 9036 4406 648 7227 1732 214 3192 1801 2537 3557 5885 8722 7759 6938
152 9710 6003 6320 6339 1617 8346 4177 670 4859 4592 3056 1083 569
153 8654 3410 6583 8490 5056 7594 6334 1094 2810 1638 5340
154 9627 175 6862 2061 411 1687 3197 6284 809 6867 5869 7153
155 8240 8773 7086 2222 9500 6804 2300 9039 359 4771 4501 5917 2962
156 4032 3262 4867 8815 5382 1565 8063 4988 3373 4377 8125
157 9196 2958 5121 6899 6961 482 2574 5952 763 7887 7050 518 9244 2182 6938
158 5140 5584 1347 3379 666 236 5478 8893 7232 8824 6840 2197 1375 3869 6020 9043 3012 8134
159 7291 6950 6769 9714 2880 4854 7376 5426 7183 8814 6030 4199
160 1708 8568 9413 2950 4031 182 6522 7118 9953 6772 4326
161 2160 7922 8483 8967 6385 3865 7343 1417 2936 1789 4777 2559 8406 5292 4622 3700 267 6458 1216 9545 7652 2962
162 33 7313 7236 9026 4367 8420 8640 1783 1941 7716 8816 8628 84 3936
163 8064 4144 8736 543 3310 530 29 286 8241 2943 2240 7153
164 888 492 5913 5685 5544 5377 4363 2885 2423 8959 8227 450
165 3581 6503 3820 9333 8567 7346 4941 9674 1522 2781 2426 7712 6189 8580 1125 8711 8794
166 6609 7269 8672 6972 7406 5965 376 5805 2576 7331 4356 1383
167 3332 49 1968 704 3091 6957 65 6852 9256 2538 2555 5715
168 9456 9053 3082 140 9723 7242 5700 5945 1403 323 7630 183 9453 2643
169 8943 9224 6676 765 139 7967 7567 9075 5803 2695 7255 1113 4784 6186 8782 9129 2643 5412
170 353 8366 5905 4085 3667 6834 3746 3391 3637 4925 3331 7762
171 7559 3891 191 8186 2826 2844 1220 2846 4819 1289 5677 9533
172 4229 8457 4394 4751 348 8291 9680 6196 3885 5446 3830
173 8363 9014 5683 7642 1230 7949 7701 773 1703 2551 5054 5860 3703 8498 79 2962
174 7043 3396 6459 3697 5794 5399 4857 2168 8769 1039 6781 8242 6251 4457 3089 6827 7652
175 8299 9898 1582 6079 5380 9402 9408 4040 437 5316 1405 321 238 5507 9007
176 3671 8725 9790 3862 5653 5153 5449 1875 2449 8793 7709 7762
177 9774 5082 8421 8529 1865 3003 957 2720 3738 6630 5962
178 5467 7403 1517 8191 6542 2739 9964 6846 5571 9027 6744 7266 1299
179 5963 8502 3994 2724 7440 3378 1588 9264 9707 7364 5997 2666 2412 2630
180 63 8363 8804 5617 4522 7484 574 9686 667 8881 4726 9829 1083 650 7902
181 5598 8268 5664 9833 8416 5747 8689 8587 2034 4198 8784 7725 1174 1739
182 7697 3405 2408 226 3181 9132 1457 6388 7836 6278 5245 7044 4786 5788
183 9446 7816 7984 7633 6133 3245 4533 8573 8147 51 4701 3254 6938
184 2549 8766 6134 5779 3119 5176 4734 7804 3540 4805 5634 2425 3894 4784
185 9937 1392 5046 8557 9104 2656 7166 5080 5445 7762
186 5601 493 4081 3720 6218 6718 5609 6269 4685 9459 5410 6131 5492 2904 3074 9848 3012
187 9207 1537 2363 5827 2842 3613 8468 2302 1579 3489 6124 838 9533 4199
188 2152 9372 5999 4821 8572 55 5795 9090 7522 8169 7647 1122 6860 8235 427
189 5461 7091 7784 3872 8098 449 2440 3568 9786 4155 2900 9160 979
190 5017 9864 396 4095 5667 799 3269 7327 3729 9758 5445 1498 9374 9968
191 8966 96 1447 9528 6120 8416 5350 6434 3403 4575 1898 6241 6014 4901
192 7685 3601 9587 1487 6598 2864 315 6607 1822 6762 5871 8609 7120 6613
193 757 1676 520 3985 2759 8931 7714 4725 884 7285 321
194 4678 9218 6303 5137 4650 2838 5729 8874 8622 6549 782 6991 1728 8599 3877
195 5268 8203 5422 3405 9293 9233 5261 6913 3288 1793 7047 7909 3981 8125 9968
196 7218 5084 2730 1342 9440 3348 4050 5000 9372 7820 2643
197 2687 9935 3857 4909 7453 832 2258 1348 6433 7049 6920 5869 8125 9244
198 2124 1989 7213 5914 4987 340 1828 3492 2135 1638 6187
199 3122 7461 4882 5049 5367 1073 2331 8878 7140 404 9713 8406 5962
200 908 4727 6382 7633 3382 2942 7158 8485 9098 2164 3106 6827 6054 7762 427
201 702 7672 4532 2353 111 9217 4873 1361 715 6138 6380 4504 8157 8495 3074
202 3785 445 2018 6832 7544 6840 4675 5148 82 2768 148
203 7514 536 2279 3759 8228 4743 5195 8225 7068 2095 2407 9533
204 608 1189 7318 3114 4800 7311 6036 5272 9359 7088 3476 1117 3032 7949 5412
205 1442 9950 9110 8276 7608 6162 6238 3731 1835 4065 3678 964 6986 4619 7883
206 6825 831 2721 6558 3668 4838 4411 4078 932 6156 6986 2114 9265 3144
207 2787 7288 9112 6679 1621 2794 7757 7606 1938 3393 5444 1572 8062 7120
208 835 3189 6210 8315 1288 3335 2029 9949 9515 9271 7240
209 5462 287 7741 2887 6318 2553 7650 9095 7074 7314 9930 8797 7949
210 335 6590 4822 6425 4061 721 8118 790 2408 7932 6895 8293 2327 7153
211 6533 9747 8301 1916 2781 9076 2860 5194 1400 3061 3895 3682 552 1774
212 9266 2844 9570 4963 5097 910 5185 4266 3632 8429 1771 6655 3752 5869 5715
213 9328 982 5011 8513 5646 8819 3035 1044 7806 8711
214 1120 6909 9867 2265 3204 6731 4936 3216 2697 9223 2598 5631 5934 8043 8896 4020 7762
215 7469 8308 8850 416 877 1964 2674 3210 6934 17 8131 2060
216 3493 4191 844 9144 4780 9686 2616 810 7215 4071 9041 4433 6623 2806 3326 935
217 1111 5395 9388 9997 7014 1164 1442 6810 247 2998 4929 9874 8052 1581 1979 5412 79
218 8542 9034 5055 421 6878 7155 8440 1437 550 7254 5961 3602
219 4015 592 1182 5995 1746 8296 8294 510 5293 5452 2582 4526 4314
220 8899 9395 7192 2035 5232 2381 6384 4614 103 5657 369 8130
221 9336 6786 505 481 2925 5756 7677 7207 14 2649 6379 1337 1619 8503 2673 2156 4199 5064
222 5034 4892 7428 5559 1655 8477 914 1622 3297 3857 7919 4035 321
223 403 505 8178 6773 4594 1123 7159 4735 8971 8223 8858 9013 3012
224 1893 5073 5549 6626 7393 5301 9237 2421 379 7396 7280 3584 6465 4985 6613
225 1098 9236 9908 7915 3067 5857 7047 4750 6910 5575 2265 1668 2240
226 77 4613 6993 5893 3452 6801 413 9357 6281 2750 3262 3984 3380 4658 7188 3203 7811 7296 352
227 7878 8740 5336 2967 3570 5004 1505 5371 8445 2240
228 8723 5843 6890 3928 5851 7588 8046 7750 8889 2651 6141 2555
229 8994 1909 7040 8817 8052 1276 6903 7938 6414 7940 7837 696 9731 9270 7710 9199
230 3999 8590 6530 5376 5085 1859 5734 7914 4225 8432 5343 895 3032 2962
231 4736 7319 3194 5040 9445 6169 3201 7052 7575 7153
232 8536 506 6951 6796 9950 7140 3263 35 3320 2340
233 5757 1695 2663 3278 1723 6693 5522 401 4213 7691 1391 1058 935 3012
234 2746 5193 316 4073 2868 5895 6502 8042 6572 3247 8998 4660 1929 2867 6635 3432 1668
235 4655 478 4938 5035 4289 6446 9331 1387 330 1410 2577 5654 3380 4399 5340
236 3031 4693 3014 8689 4983 9567 514 1558 8515 6429 4071 1984
237 5388 3828 9192 7328 6072 2314 844 2973 2732 1252 7549 221 205 7652
238 7388 5525 8854 9180 6823 3863 4173 1692 9090 3737 3918 1383
239 5929 8990 8750 1495 448 4579 5474 6723 300 2102 2252 4699 545 5715 7219 7709
240 8546 5319 7562 9382 3340 646 9396 5513 4234 8507 2790 5752 8910
241 6223 688 3592 9347 1907 9356 6604 8112 7268 3612 2329 4297 5981 9933 9138 79
242 5179 8372 7641 489 9353 4625 7621 3909 7557 5738 6979 1340 2505 2304 4901
243 5008 4708 7010 4155 7908 7377 7479 6616 5450 8125 5412
244 7937 1028 6493 153 9287 6026 5859 2846 1981 3377
245 6821 4355 9413 2220 7298 3627 1190 2842 2496 4765 6938
246 2119 5296 1040 8831 5917 6260 2183 3024 5403 9895 5346 2241 3074
247 6312 4083 7129 4861 9206 1461 1194 6122 3225 5762 105 2962
248 5355 5360 6963 2256 4897 5423 7365 2379 3770 1718 1564 8185 4948
249 1270 6648 849 8039 8724 1291 532 2567 477 4664 7949
250 6594 3358 9453 9526 8632 7732 858 5125 5332 3427 7841 3676 4240 6687 2555
251 3121 4695 8350 4086 2002 699 1817 7381 5926 7271 5892 3095 4311
252 5835 8125 9436 6042 3544 6956 9585 1533 3746 8196 7950 4558 6049 1668
253 4469 2802 2065 6300 562 1882 4370 3762 4513 7997 9533
254 4140 4597 3548 7339 7501 5698 1806 6799 3423 2968 3080 1405 1750
255 1063 4591 3086 5287 2431 7009 1850 9371 2175 9481 533 4448 9522 457 5099 7652
256 1164 3643 9527 7125 1078 5825 7582 3594 438 8302 9216 9677 7457 6672 4311
257 9831 4550 5389 368 7659 6698 6147 2157 5776 9187 4793 998 3163 2322 3894 2128 7864 427
258 8309 1690 5608 6884 4729 1912 7797 6019 1510 4216 8955 2647 5482 6639 8104 1984
259 9949 4806 5536 2761 3182 6748 3454 4119 8159 4717 9955 9637 5053 4539
260 7224 1652 2301 3804 4667 8619 2007 8330 4823 501 3509 9008 9380 5758 3894 9007
261 9321 6793 7216 3653 6181 1020 7357 2595 2444 3847 4222 4207 9283 9086 847 6705 8907 3827 5295 8125
262 4763 4849 4174 6958 1321 9546 4537 4570 5278 6187 7762
263 5226 9620 6701 7274 6157 4467 8014 8904 7239 9706 9314 2077 6652 3905 3877
264 4387 1861 3963 3242 8243 6929 5674 7890 2934 5069 2016 4531 3885 352
265 4588 8119 2869 1283 1414 6506 6557 9495 5687 4320
266 9631 2179 3480 266 3016 2568 7324 9155 8037 4179 7267 1552 3894 9075
267 1556 918 6544 8475 6109 391 1976 6933 5773 3670 1085 2962 5762
268 6706 3772 312 8790 8422 7462 9961 9285 8981 1676 2685 2555
269 6563 4182 915 4172 8067 5495 1212 9188 6023 2799 6404 1343
270 5007 5847 2173 3499 5133 5707 9698 8336 8851 1686 2013
271 5428 6586 3037 4421 197 1895 341 4366 6938 4967 7699 3877
272 3473 9162 7442 4369 949 8457 4273 8685 8657 453 1932 178 5777 4378 3190 6486 9160
273 7316 7357 5330 9103 7777 3440 3669 8856 7862 7861 8307 2680 6061 4437 1935 1117
274 7220 2118 8866 5070 63 9871 1978 4602 1235 8683 7126 7699 1831 412
275 2515 8926 6273 976 3942 8973 6290 7187 1141 3239 8149 6216 5307 427 9968
276 899 100 6221 5185 3881 34 2499 2674 5590 631 7200 935
277 6119 7753 6543 2868 8950 9767 8261 2064 9610 9083 6298 3883 7602 2555
278 3302 6805 8198 5303 6007 7489 1435 739 6668 2109 8523 3823 4170
279 4224 3311 8861 4306 52 1942 5426 8469 1611 5416 842 7720 9301 1343 3022 5715
280 3789 5493 6597 7253 8275 8134 9844 4977 2715 9558 1645 1573 6464 4517
281 7810 526 7923 5052 4556 3859 9418 5372 5417 5751 1931 5715 2555
282 4242 3586 657 1323 1177 578 8239 2586 4102 6167 5896 1031 6416 374 8130 1628 3541 7880 8134 3074
283 9894 2186 4173 5453 8258 154 5369 8849 2721 7889 2346 5307 8431
284 2938 2741 5754 8425 3401 2191 3291 8951 5852 4769 7788 6962 8427 3783 3835 1149
285 9671 2120 4565 8175 989 4917 4590 3866 2144 898 240 7488 2857
286 891 5617 8200 2453 4023 2111 981 2430 1014 6509 714 1752 2
287 9484 7527 1279 7435 9245 5023 7504 9047 9619 2663 2828 6967 673 397 8920 9848 1454 7762 6938
288 7111 193 9703 6279 4157 5905 4544 2843 216 707 2983 1774
289 4275 2738 7538 7493 5672 4307 4922 310 4286 4414 9908
290 8785 3336 6172 9315 4939 2275 9601 2617 9473 5812 1666 9510
291 7122 7792 9296 8216 5209 4721 1682 4671 1443 142 221 7883 5762
292 7157 1697 9156 3694 6983 3765 6859 3347 1192 469 8930 686 412 321 935 79
293 2428 2896 4939 792 4208 3518 7688 1425 6541 2417 7000 871 5207 7713 4107 6258
294 6103 2702 9409 6845 5797 8676 176 4610 3359 5430 1581 3538 8170 5813 4286 9007
295 8577 8002 4352 6523 3153 6670 3379 5351 934 6376 2608 7787 6987 8292 4456 3498 4890 5437 9573 9968
296 9204 2225 2365 9960 7459 9067 6456 1180 6770 1034 8078 3354 3111 3012
297 9736 818 7813 4646 4206 768 8647 8452 5730 6808 8803 1105 6044 4855
298 2553 3317 3420 2926 9718 1493 122 2989 1261 9260 4958 3894 2288
299 1631 7019 7220 5135 7613 4994 9348 296 4764 1937 6671 6054 9007
300 5393 7193 3812 4253 780 8895 2401 7980 2621 3535 1450 8586 3417 1901 8125 2643
301 5240 2169 2457 1785 4778 828 3884 2550 9692 3375 4744 8473 6490 3723 3079
302 2545 3442 7967 7635 8442 3180 696 8906 9741 7874 5810 5702 7012 3343 9007
303 5506 9452 1829 6674 3525 2204 7718 4390 1825 9405 7630 2685 6613
304 5520 9211 1762 794 1118 5769 3661 8510 5877 5384 3494 151 3856 9632 7549 732 1731 2533
305 3796 3318 6917 1927 386 5436 7272 5473 3714 2583 6054
306 7545 6851 4158 1571 4484 2492 7796 8196 9953 2254 9018 4941 2028 2892 6672
307 3954 9326 5011 9399 2897 3455 5778 5418 6984 5507 6161
308 3334 2521 3118 1420 5166 5551 7472 7719 9310 6060 3823 2288
309 4992 2167 3771 7856 9517 6150 7508 4806 7842 9154 1504 1774 2
310 2290 4980 625 8001 9690 6211 7450 1757 8390 7191 3543 7902 9533
311 5414 408 2918 6389 2127 495 6951 6022 1324 9816 7755 5899 7153 2
312 1775 5894 5354 4650 8438 8672 723 9020 4082 2427 135 6938
313 3193 5006 7610 8670 8992 2477 4702 3036 2396 4453 2389 1971 9857 2978 3077
314 3754 2083 6787 3815 9914 5952 4225 4668 9091 2892 9842 8994
315 6628 7430 4483 9140 3767 2481 6066 5119 6101
316 9216 724 9645 6152 6940 4746 3641 1382 158 2322 9332 2277 6250 2773
317 5415 9048 1255 3931 1262 4327 553 5173 5140 8248 5377 8728 5437 7699
318 4038 2472 6602 2935 8421 2984 6681 8945 1305 5188 8908 3012
319 1037 8852 3100 9019 2588 1924 358 9241 4274 3203 9130 7485 2392 4649 2100
320 9521 684 4329 9096 7428 4883 897 4772 2516 7256 4350 2013 2962
321 187 5920 1092 393 4127 8247 7863 6849 6329 7117 3505 6301 9404 2288 2240
322 3501 8084 107 6368 4332 6925 1914 1888 3297 6721 254 935 3936
323 4620 5247 1769 3644 235 9472 5800 3944 2326 1411 491 673 2247 2114 3830 8491
324 2137 3537 8581 301 4761 7734 3422 1326 4242 2948 4063 1934 6458 1105 9007
325 6700 1844 8879 6406 2599 3995 845 7835 1515 3012 2555
326 2308 5509 5151 322 6936 3702 5210 3951 2765 9765 8431 427 3982
327 4138 9148 7154 7022 4456 6636 9681 7692 1667 5425 6767 8176 7880 9197 4855
328 2140 3306 4189 4235 1430 9268 8654 5984 3248 4034
329 3980 5537 1678 66 350 9622 62 923 3195 2184 6258
330 6027 4895 3135 2140 3361 8417 6117 8692 1811 9080 6790 979
331 3913 582 111 2769 8291 3927 9738 5203 7965 6347 5445 3982
332 4032 8559 5310 1883 1875 4969 5107 1831 2873 8495 8462 5445 7949
333 750 2561 3475 5733 2641 6463 5926 5259 6817 2414 6938
334 4186 2436 4934 4787 9608 6575 6527 5887 708 1626 2565 2116 9337 79
335 2367 6234 2559 2957 4196 455 593 9400 7563 481 6778 2986 6258 9533
336 2658 838 2201 4214 5271 601 6928 9846 768 6374 597 1369 6164 7405 5500 726 7055 2
337 8744 113 7342 9168 729 4723 4416 2270 4325 984 8162 3543 8491
338 5447 1202 65 4478 9362 7840 7604 857 865 4139 3584 9565 6148 1647 7429
339 4618 318 2935 6852 3734 4744 7939 1344 4820 732 3074
340 2272 5534 3794 1075 78 6165 7447 1763 731 9184 6391 9954 2340 4269 4341 4314 7883 5412
341 5736 9345 6117 5953 6882 2220 2952 7311 6899 6547 9968 2240
342 491 4226 9999 2458 1203 539 8302 2460 4709 9206 5817 1784 2643 3982
343 7624 7903 4277 2878 2289 1860 1884 6521 3631 8966 4966 7711 9667 2589 3982
344 7885 9312 6713 3573 4901 6641 5639 476 9598 1231 5898 8467 3490 3536 5248 3513 5964 3758 3521 776 1534 9930 79
345 7662 2840 4900 8352 8526 953 6000 589 8371 384 6836 4627 4400 3316 8910 3877
346 741 6063 5158 8264 9926 5832 3174 6289 5390 6831 8008 2711 2240
347 5089 609 4335 8996 2839 6419 3797 7036 3956 7360 3468 2155 755 2569 7732 4765
348 9859 8594 4562 7377 4851 3307 6467 4797 779 4259 623 1267 133 9332 9443 7153
349 4461 1175 3593 6794 3319 1681 7739 6734 8096 6926 7933 7314 3077
350 407 4033 9746 1839 5711 2069 5020 2372 1952 6354 5756 200 3936
351 1740 3681 513 1052 8136 1824 3745 4612 4736 5693 218 1394 5839 8781 5743 2670 8671 9968 5880 427
352 9968 1275 7836 2828 4548 4774 3958 9989 2617 7648 8666 4360 4254 8233 5325 7948 5270 1557 6296 6021 8387
353 2987 8882 828 8319 744 4284 8310 6467 8837 4664 8140 6137 6 3277 4737 9478 7893 3630 4345 9689 7438 3936 8498 4531 321
354 6203 8674 4353 6151 8389 1077 4827 3708 9991 8168 5992 5823 9407 7001 2555 5962
355 2487 7298 7970 1161 1314 5616 8783 3365 663 7736 9842 1668
356 8714 3506 4521 9067 4363 8667 5881 5441 668 4218 412 4151 6712 3586
357 8821 680 5701 6703 9249 3639 2510 3002 1552 8994
358 6964 3961 5036 96 3824 1044 5466 3542 8768 4066 8722 5161 9265 5917 90 3012
359 3614 6558 1978 9231 3656 71 3555 2305 8354 4507 2070 2125 8964 7413 325 6592 8644 6101 8994
360 8098 6205 4653 1297 9434 5135 5352 4713 7993 4670 523 7652
361 5503 9768 4924 6752 2872 731 8942 9834 7663 4758 9085 8018 5933 1580 4948 6421 3914 1979 7120 1668 3894
362 1998 461 4417 734 890 8739 2806 9866 7821 1256 2121
363 5970 5658 7435 9904 2829 1033 4860 5629 5636 8167 2757 3994 2666 4377
364 6901 6916 7282 1122 6272 6533 2528 229 6029 8487 7296
365 6066 2881 7927 5528 41 8517 637 8152 1077 6470 2555 321
366 7651 4564 5669 9996 5174 8705 8400 3206 3835 3830
367 6941 2836 3677 2726 3676 4903 758 6202 2072 5785 9303 4539
368 4240 9108 7079 5864 3970 8511 4852 7359 7155 5580 3146 7012
369 1059 8681 8289 4538 7037 349 3267 8938 2384 7570 7663 5559 9172 6048 4606 1770 5880 6101
370 29 2780 1650 1548 5005 2369 7301 8440 6002 450 155 7987 8248 2340 3074
371 8675 1236 9147 6972 9056 8413 5665 7590
372 4956 8615 1913 4532 4383 1384 2024 670 3314 1731
373 8443 1710 7974 7087 8390 8081 5966 1313 4624 5306 5251 9683 372 5830 6996 9238 1601 1868 5656 5880
374 8740 7368 8394 3185 8770 8777 6702 6088 3552 4717 8069 4352 6327
375 7231 6872 220 6483 8669 9161 5003 8249 823 3987 1524
376 2485 9389 2963 6357 6953 4148 9617 1383 4914 7138 3381 278 1579 6538
377 2418 8978 4586 429 5666 616 6226 8997 294 4384 8410 3549 4886 7517 6101
378 1451 6546 154 5402 8664 3008 8257 8618 7066 2402 5033 9483 6778 6428 8711 352 5219 2121
379 3460 1529 7174 6267 7798 6810 9312 8392 5787 8595 1737 8342 9659 979
380 1168 8878 1648 1519 9177 3522 3059 9945 826 6802 7669 2555
381 227 4382 919 852 761 7827 8892 2122 5799 3599 2158 5726 2019 2650 7575
382 2961 1458 9087 5877 6094 4711 2298 251 7810 7571 6415 5748 2962
383 7325 5886 5621 2560 490 6653 2607 3596 5750 5317 4402 1098 9621
384 8163 7114 2977 1542 1569 9252 3083 2974 3383 8329 5469 8297 4871 3158 2422 3836 935 5748
385 5885 7676 7169 2206 463 9074 8085 7372 5008 8393 7306 6262 177 1920 7204 6537 4314 2962
386 627 9393 6145 4703 1087 5547 1398 2999 4764 6440 935 2615 5715
387 4902 4744 2517 9612 9838 9962 3879 5168 4604 7234 5401 7267 9842
388 3764 20 1435 5119 4654 4388 6242 1847 5647 2058 2651 2962 9533 9968 2240 979
389 7063 6837 9258 4666 793 3449 2375 273 6457 6387 4705 2409 6369 8994 8406 321
390 4808 5141 4086 9423 5972 272 8846 9675 7383 7967 3072 3236 1956 4985 9404 2 79 1668
391 5690 686 1195 7251 538 1466 4143 8898 4732 9887 4828 19 4345 3026 5387 3125 9299 3830
392 2977 3993 159 3344 6510 366 233 6724 8165 9433 3751 3312 4958 9545
393 5710 8960 5941 1834 3252 1977 3551 7808 5127 2676 2699 9912 745 979 3376 3894 2
394 3962 7505 4644 6422 6316 8707 9578 7167 8722
395 3713 1815 6622 5016 3458 5888 5770 6854 7238 8729 6170 5656 4020 321 4199
396 4781 2211 4218 6561 8535 8217 928 5106 5744 3849 3959 866 7204 3586 5412
397 7676 3636 7467 101 1481 3851 8383 8975 2274 5730 3007 3074
398 1038 506 1988 8155 1900 5342 8038 4312 2295 7683 5816 1942 4962 2340 3012 7949
399 3456 8361 8544 7724 6518 8034 6010 9593 803 5273 3106 5340
400 2502 4666 6594 6086 4585 657 4426 9057 5347 9721 3073
401 6942 7491 3810 8847 6727 4589 6034 9121 4309 7494 5913 3950 2085 2986
402 8620 9588 4422 6068 6205 2858 3253 8806 4134 4230 5182 8209 79
403 6185 8117 6774 9597 5055 2006 5829 8501 8060 9129
404 8033 639 9383 6739 2218 1725 4607 3660 7786 1852 9604 641 1845 6617 5359
405 6394 3 9366 8863 4790 6070 424 3664 7264 6037 4880 5304 2264 6327 3982
406 8471 734 5234 3147 2017 7943 4896 3837 3417 4268 9194 1368 8270 8652 7198 6071 1668 321
407 6227 4214 602 6245 1682 3795 141 1140 9481 4133 6168 2030 2086 3251 9043 3836 3877 7296
408 7141 5701 9647 6455 8762 101 1853 1157 6395 9940 1986 1750
409 2494 9762 9384 6104 8918 3562 1669 1307 7753 9523 4076 9991 9270
410 7225 1201 2457 2654 7547 114 3431 1409 3465 1043 4129 7864 5446 8005
411 4141 8031 4964 6906 8356 1273 9566 9309 5279 8583 6140 1366 9467 8345 2121
412 7465 8375 662 1093 7105 4766 5356 297 6346 2620 7997 5213 2093 925 5099
413 6165 7758 3033 773 3298 9141 7190 1303 7966 8343 2422 9968 3074
414 2920 9998 440 2006 8404 289 8957 4742 1627 1476
415 4251 5466 9537 6974 3414 7724 153 2326 802 4326 5401 6547
416 1280 7852 4475 7879 5965 5728 541 23 7356 6166 4955 9787 5969 1496 3982 1238 8431
417 4279 5479 6448 4221 7290 2309 3629 1050 9073 3565 1800 8531 4241 6555 3020 1607 7699
418 5940 5943 936 6221 3463 978 7235 7655 312 9449 4055 7652
419 54 4000 3766 7059 5819 1482 2282 5936 7367 2032 9576 4985 3043 5962 7762
420 4974 2202 661 9534 6167 8337 9450 7028 4691 9657 3821 9806 6134 1668
421 6253 1957 6425 5522 2197 4935 4147 2210 198 7337
422 5679 9745 9633 4093 4991 1688 5595 378 2977 5944 6982 8116 2052
423 6665 8272 3126 3749 5737 207 1760 9850 8618 9005 7353 4760 8728 5869 9669 8491 79
424 9726 8040 8393 3034 7654 7071 6366 8642 9341 863 7883 2538 979
425 6653 9153 907 9863 180 679 2008 7723 8306 1289 745 7438 5412 2240
426 483 3817 5780 2099 3415 8011 5956 7078 675 8741 7536 8099 5326 7153
427 1336 583 4328 847 8786 6554 468 8493 5115 2979 5386 6338 8424 4635 7734 2003 2123 5295 2458 7992 2555 9007
428 9366 7901 639 5015 6488 6828 8796 2961 6153 8405 6101 1774
429 3692 8976 6388 7275 9880 5383 6267 1941 9033 2352 4909 7652
430 6472 4258 8095 7783 7027 7386 4217 1051 7427 2501 9451 6049 6258
431 8939 7556 7945 3110 7865 9664 2951 3097 136 370 6065 956 3567 1429 2986
432 1813 6240 2787 4318 3725 9259 2850 9142 2085 9606 9398 3207 9003 9404 8125
433 6642 5186 7925 6592 1097 6905 364 299 5565 7332 3494 3961 5138 6534 2288
434 333 2338 4195 5846 9159 7197 9291 8472 529 3235 3074 935
435 1004 4540 7986 8306 6506 6062 8413 2335 9327 9681 2783 9705 1657 420
436 5191 3421 2887 1814 8657 4990 1062 8524 379 3240
437 9099 5488 6775 3530 8499 8461 3058 8614 81 7493 2648 2139 447
438 2203 3398 2219 6610 704 7097 2602 5948 4999 2190 6098 4319 7521 1601 9139 7240
439 8430 9526 6647 2998 2956 5081 7664 1987 2002 9549 7350 6301 3146 7791 3877
440 806 2770 8860 6260 2107 3714 6500 7248 2964 2370 4501 2555 2962
441 129 98 4089 2805 5673 9137 2590 8469 4183 3974 7349 5099 2962 2643 2240
442 6257 7317 9777 9693 8506 9176 4674 6095 6413 4522 6621 2867 88 5321 8829 4690 2349 2856 6631 9573 3012
443 3783 7859 4777 9763 9300 2020 1479 9232 608 4005 2275 6677 6613 8284 321
444 5429 1889 8143 8260 1000 7543 6524 6470 5285 2611 682 3926 8462 1105 5216 447 8994 7153 5715
445 6179 1902 947 9516 4747 259 7340 905 7599 3664 3006 6938 321
446 9163 3647 3740 3988 9179 2036 7715 1796 6436 1081 2069 2263 6460 2518 1238 5715
447 812 2177 6065 3888 6349 9481 8818 2251 1997 3345 9816 867
448 4821 2973 2229 8427 2624 5994 8167 5416 4010 1207 1761 9024 6946 7699 79
449 6265 6911 4265 7309 2714 7000 196 3755 1446 5386 9545
450 7723 1921 3911 7546 9579 451 797 969 1150 8710 8135 8183 511 7266 2962
451 9784 144 8359 5147 9318 1359 1186 5065 8883 7153
452 8561 4304 6436 8540 551 8088 7024 9346 5870 5302 9199 8406 7949
453 3249 9079 4310 7675 395 4386 5856 2433 6115 42 4511 4194 6102 3049 9351 5572 3936 1534 2240 9842
454 788 502 873 4110 9817 3607 1674 7168 4348 7160 9962 8687 9060 1121 9244 9968
455 3021 5499 9002 8743 7449 1786 4497 4052 5613 3610 3766 2491 1042
456 7147 4292 8916 4518 4428 1159 2195 1761 9236 9284 9430 4824 4377
457 2297 215 402 3151 924 3313 6130 4976 9379 1032 6074 9491 2630 8387
458 3324 9930 9094 2754 590 2548 4542 7887 6100 5957 5104 8212 7652 9453 3885
459 1259 3299 4029 2245 7609 222 7927 8387 6395 8765 8716 4527 3371 321
460 1022 4087 8981 9830 5040 3036 8725 1283 21 2903 9325 8531 2240 79
461 429 2498 6798 2544 5047 7960 8764 4193 7961 7550 4296 4616 6537
462 1836 331 449 5818 3701 5973 243 253 347 2395 8106 1454
463 6907 7841 7963 557 3039 3777 2989 3850 5879 759 6360 5880 321 2
464 6078 8788 3279 2454 7223 4454 3531 2610 2273 4626 935
465 6727 6318 6866 3450 6213 6416 5505 8898 1890 3799 2690 3964 7438
466 9967 8516 5796 9797 3744 2101 8116 8140 3300 3530 3583 9646 3371 3758 3894
467 3716 9988 1191 9458 8279 1084 632 2646 2655 4364 1353 6482 5848 9842 6613
468 5659 1618 7249 3055 8773 8504 2163 5247 7745 394 4362 5412
469 9711 3541 1198 5392 9781 8366 4137 6709 9170 1745 6538 7457 1774 2327
470 7736 9823 3715 88 5738 676 3977 4055 7464 9634 9841 9204 5448 4418 7289 1117
471 4733 5409 7532 3011 7824 9243 9599 7458 3916 2486 1807
472 7430 652 3739 2078 970 354 9732 444 9691 8682 210 5826 6611 6447 2870 7078 1546 1134
473 8357 7112 8822 3308 1634 4892 6645 4549 2882 3111 182 1091 5177 7968 5715
474 5277 6144 6208 5499 9641 712 3275 6492 5327 2822 6830 1470 610 5605 843 991 3543 5748
475 638 9011 3132 5504 6545 1536 3471 7979 3596 8528 4239 6675 6370 72 718 3926 3665 4188 9215 2264 321 8293 5412
476 7329 3887 8276 1576 4264 2795 3837 5908 3991 3368 317 5219 1752 6030 2121
477 2188 8382 4123 6488 3998 436 4498 8678 6220 6771 3064 3830 1668
478 5548 7629 9172 3333 246 4420 2484 3264 1072 552 9716 4515 6999 8862 5150 2600 5677 5715
479 6880 205 7991 6378 3128 5720 950 3964 1008 1511 440 3085 5064 259
480 7828 2642 5907 6480 1503 6646 5307 2933 1078 214 8362 8105 8005
481 3841 8738 3176 8145 1002 7422 9401 2560 6505 9556 7085 4212 1956 979
482 5891 1376 3711 8447 7617 3473 9648 2771 1352 8803 6978 6292 5643
483 1047 6691 2953 4561 9953 2519 6915 460 6587 1232 4486 6381 2 8716 6613
484 9522 2572 9595 1233 7032 6896 8338 3919 5385 400 7623 8418 952 8068 5322 5762
485 1636 5554 944 1197 4920 2635 1973 1 1222 5703 6532 9244
486 1440 9986 1389 1012 3553 7220 7773 1953 4166 7672 6786 7694 7782 183 321
487 1331 400 2946 5723 3456 5667 1887 2117 8027 1642 4632 8932 8832 427
488 6573 4721 4792 119 5627 6237 234 3972 6970 4091 8058 2962
489 7904 2228 7500 6762 9640 876 7510 4324 6011 1562 7499 7452 1554 4372 8020 5449 7742 5072
490 8636 9022 1664 754 8791 3175 8056 7848 9521 1449 1106 1042 3074 2962
491 7250 2079 2105 4042 2490 7849 5868 7707 5074 8419 3650 7050 4180 9990 3877
492 4965 419 4163 4587 8769 3112 1639 9102 4326 6889 9230 4948
493 3634 1467 8780 6295 669 6053 4677 9028 5662 9116 9872 3827 7817 4995 3781 8043 8121 5880
494 3811 7295 305 3971 5408 6040 1344 8505 1107 6809 1396 1950 4203 3395
495 9541 8509 6163 5682 5131 798 4482 9966 4169 6154 4093 7549 46 5715 427
496 7134 2981 5649 3672 1881 6444 7755 1937 5024 1841 9354 2791 7762 6692 3936 8387
497 9851 9386 497 4255 9651 2523 2910 6618 4491 3092 6321 2537 6692 9834
498 2730 3895 6501 1325 2426 3005 442 8792 6222 1907 2031 1262 9443 155 5645 3584 427
499 381 3658 6902 9764 1597 8600 1892 6924 7530 8980 4080 2084 935 2986
